{"C:\\Users\\redux\\Epicodus\\week4\\pig-dice\\src\\pigdice.js": {"path":"C:\\Users\\redux\\Epicodus\\week4\\pig-dice\\src\\pigdice.js","statementMap":{"0":{"start":{"line":5,"column":2},"end":{"line":5,"column":19}},"1":{"start":{"line":6,"column":2},"end":{"line":6,"column":29}},"2":{"start":{"line":7,"column":2},"end":{"line":7,"column":29}},"3":{"start":{"line":8,"column":2},"end":{"line":8,"column":31}},"4":{"start":{"line":9,"column":2},"end":{"line":9,"column":29}},"5":{"start":{"line":12,"column":0},"end":{"line":24,"column":1}},"6":{"start":{"line":13,"column":17},"end":{"line":13,"column":48}},"7":{"start":{"line":14,"column":2},"end":{"line":23,"column":3}},"8":{"start":{"line":15,"column":6},"end":{"line":15,"column":33}},"9":{"start":{"line":16,"column":6},"end":{"line":16,"column":28}},"10":{"start":{"line":21,"column":4},"end":{"line":21,"column":30}}},"fnMap":{"0":{"name":"Player","decl":{"start":{"line":4,"column":24},"end":{"line":4,"column":30}},"loc":{"start":{"line":4,"column":82},"end":{"line":10,"column":1}},"line":4},"1":{"name":"(anonymous_1)","decl":{"start":{"line":12,"column":28},"end":{"line":12,"column":29}},"loc":{"start":{"line":12,"column":39},"end":{"line":24,"column":1}},"line":12}},"branchMap":{"0":{"loc":{"start":{"line":14,"column":2},"end":{"line":23,"column":3}},"type":"if","locations":[{"start":{"line":14,"column":2},"end":{"line":23,"column":3}},{"start":{"line":14,"column":2},"end":{"line":23,"column":3}}],"line":14}},"s":{"0":2,"1":2,"2":2,"3":2,"4":2,"5":1,"6":1,"7":1,"8":1,"9":1,"10":0},"f":{"0":2,"1":1},"b":{"0":[1,0]},"_coverageSchema":"43e27e138ebf9cfc5966b082cf9a028302ed4184","hash":"429f0f6364b7410e03165652c0307d6ceba34a0c"}
}
